  D:\Projects_Unity\_GitHub\Voxulkan\Voxulkan-Native\src\Shaders\Chunk.vert
  to D:\Projects_Unity\_GitHub\Voxulkan\Assets\Shaders\Resources\NativeShaders\Chunk.vert.bytes
  D:\Projects_Unity\_GitHub\Voxulkan\Voxulkan-Native\src\Shaders\Chunk.frag
  to D:\Projects_Unity\_GitHub\Voxulkan\Assets\Shaders\Resources\NativeShaders\Chunk.frag.bytes
  D:\Projects_Unity\_GitHub\Voxulkan\Voxulkan-Native\src\Shaders\Test.comp
  to D:\Projects_Unity\_GitHub\Voxulkan\Assets\Shaders\Resources\NativeShaders\Test.comp.bytes
  Engine.cpp
  Plugin.cpp
  ComputePipeline.cpp
  GBuffer.cpp
  GImage.cpp
  Pipeline.cpp
  RenderPipeline.cpp
     Creating library D:\Projects_Unity\_GitHub\Voxulkan\x64\Release\GfxPluginVoxulkan-Native.lib and object D:\Projects_Unity\_GitHub\Voxulkan\x64\Release\GfxPluginVoxulkan-Native.exp
  Generating code
  4 of 1383 functions ( 0.3%) were compiled, the rest were copied from previous compilation.
    2 functions were new in current compilation
    15 functions had inline decision re-evaluated but remain unchanged
  Finished generating code
  Voxulkan-Native.vcxproj -> D:\Projects_Unity\_GitHub\Voxulkan\x64\Release\GfxPluginVoxulkan-Native.dll
          1 file(s) copied.
