  D:\Projects_Unity\_GitHub\Voxulkan\Voxulkan-Native\src\Shaders\Chunk.vert
  to D:\Projects_Unity\_GitHub\Voxulkan\Assets\Shaders\Resources\NativeShaders\Chunk.vert.bytes
  D:\Projects_Unity\_GitHub\Voxulkan\Voxulkan-Native\src\Shaders\Chunk.frag
  to D:\Projects_Unity\_GitHub\Voxulkan\Assets\Shaders\Resources\NativeShaders\Chunk.frag.bytes
  D:\Projects_Unity\_GitHub\Voxulkan\Voxulkan-Native\src\Shaders\SphereVolume.comp
  to D:\Projects_Unity\_GitHub\Voxulkan\Assets\Shaders\Resources\NativeShaders\SphereVolume.comp.bytes
  VoxelBody.cpp
  VoxelChunk.cpp
  Engine.cpp
  Plugin.cpp
  ComputePipeline.cpp
  GBuffer.cpp
  GImage.cpp
  GResource.cpp
  Pipeline.cpp
  RenderPipeline.cpp
  VMA.cpp
  Generating Code...
     Creating library D:\Projects_Unity\_GitHub\Voxulkan\x64\Debug\GfxPluginVoxulkan-Native.lib and object D:\Projects_Unity\_GitHub\Voxulkan\x64\Debug\GfxPluginVoxulkan-Native.exp
  Voxulkan-Native.vcxproj -> D:\Projects_Unity\_GitHub\Voxulkan\x64\Debug\GfxPluginVoxulkan-Native.dll
          1 file(s) copied.
